<?xml version="1.0" encoding="UTF-8"?>
<!-- Generated by org.testng.reporters.JUnitReportReporter -->
<testsuite hostname="MdSpectre" failures="0" tests="2" name="test.LoginPageTest" time="46.403" errors="0" timestamp="29 Jun 2024 18:21:28 GMT" skipped="0">
  <testcase classname="test.LoginPageTest" name="pageTitleTest" time="22.586"/>
  <testcase classname="test.LoginPageTest" name="loginTest" time="23.817"/>
</testsuite> <!-- test.LoginPageTest -->
