<?xml version="1.0" encoding="UTF-8"?>
<!-- Generated by org.testng.reporters.JUnitReportReporter -->
<testsuite hostname="MdSpectre" failures="0" tests="2" name="test.LoginPageTest" time="74.979" errors="0" timestamp="01 Sep 2024 13:40:52 GMT" skipped="0">
  <testcase classname="test.LoginPageTest" name="loginTest" time="36.430"/>
  <testcase classname="test.LoginPageTest" name="pageTitleTest" time="38.549"/>
</testsuite> <!-- test.LoginPageTest -->
